<?xml version="1.0" encoding="utf-8"?>
<TestRun id="66a0668a-22cc-4507-bdc8-15e0717edca1" name="Abel@DESKTOP-SVPKUF8 2025-07-09 20:38:25" runUser="DESKTOP-SVPKUF8\Abel" xmlns="http://microsoft.com/schemas/VisualStudio/TeamTest/2010">
  <Times creation="2025-07-09T20:38:25.6336369+08:00" queuing="2025-07-09T20:38:25.6336375+08:00" start="2025-07-09T20:38:22.3553361+08:00" finish="2025-07-09T20:38:25.6474989+08:00" />
  <TestSettings name="default" id="3fb388ce-0c36-4642-a5dc-665355cdce92">
    <Deployment runDeploymentRoot="Abel_DESKTOP-SVPKUF8_2025-07-09_20_38_25" />
  </TestSettings>
  <Results>
    <UnitTestResult executionId="47dde802-1454-4318-9279-b5edee2f8a46" testId="037fe1a1-62cd-3364-5616-4bc74fcd72d1" testName="User.API.UnitTests.UserControllerUnitTests.Get_ReturnRightUser_WithExpectedParameter" computerName="DESKTOP-SVPKUF8" duration="00:00:01.5477561" startTime="2025-07-09T20:38:25.4852871+08:00" endTime="2025-07-09T20:38:25.4853223+08:00" testType="13cdc9d9-ddb5-4fa4-a97d-d965ccfc6d4b" outcome="Passed" testListId="8c84fa94-04c1-424b-9868-57a2d4851a1d" relativeResultsDirectory="47dde802-1454-4318-9279-b5edee2f8a46" />
  </Results>
  <TestDefinitions>
    <UnitTest name="User.API.UnitTests.UserControllerUnitTests.Get_ReturnRightUser_WithExpectedParameter" storage="d:\code\1.microservice\2.netcore_microservice_userservice\tests\user.api.unittests\bin\debug\net9.0\user.api.unittests.dll" id="037fe1a1-62cd-3364-5616-4bc74fcd72d1">
      <Execution id="47dde802-1454-4318-9279-b5edee2f8a46" />
      <TestMethod codeBase="D:\Code\1.microservice\2.netcore_microservice_userService\Tests\User.API.UnitTests\bin\Debug\net9.0\User.API.UnitTests.dll" adapterTypeName="executor://xunit/VsTestRunner2/netcoreapp" className="User.API.UnitTests.UserControllerUnitTests" name="Get_ReturnRightUser_WithExpectedParameter" />
    </UnitTest>
  </TestDefinitions>
  <TestEntries>
    <TestEntry testId="037fe1a1-62cd-3364-5616-4bc74fcd72d1" executionId="47dde802-1454-4318-9279-b5edee2f8a46" testListId="8c84fa94-04c1-424b-9868-57a2d4851a1d" />
  </TestEntries>
  <TestLists>
    <TestList name="列表中未列出的结果" id="8c84fa94-04c1-424b-9868-57a2d4851a1d" />
    <TestList name="所有已加载的结果" id="19431567-8539-422a-85d7-44ee4e166bda" />
  </TestLists>
  <ResultSummary outcome="Completed">
    <Counters total="1" executed="1" passed="1" failed="0" error="0" timeout="0" aborted="0" inconclusive="0" passedButRunAborted="0" notRunnable="0" notExecuted="0" disconnected="0" warning="0" completed="0" inProgress="0" pending="0" />
    <Output>
      <StdOut>[xUnit.net 00:00:00.00] xUnit.net VSTest Adapter v2.8.2+699d445a1a (64-bit .NET 9.0.2)&#xD;
[xUnit.net 00:00:00.16]   Discovering: User.API.UnitTests&#xD;
[xUnit.net 00:00:00.23]   Discovered:  User.API.UnitTests&#xD;
[xUnit.net 00:00:00.25]   Starting:    User.API.UnitTests&#xD;
[xUnit.net 00:00:01.94]   Finished:    User.API.UnitTests&#xD;
</StdOut>
    </Output>
  </ResultSummary>
</TestRun>