<?xml version="1.0" encoding="utf-8"?>
<TestRun id="3238d389-e7bc-4481-b143-556a15b63aae" name="Abel@DESKTOP-SVPKUF8 2025-07-09 21:13:12" runUser="DESKTOP-SVPKUF8\Abel" xmlns="http://microsoft.com/schemas/VisualStudio/TeamTest/2010">
  <Times creation="2025-07-09T21:13:12.8004701+08:00" queuing="2025-07-09T21:13:12.8004705+08:00" start="2025-07-09T21:13:10.3027861+08:00" finish="2025-07-09T21:13:12.8097288+08:00" />
  <TestSettings name="default" id="bcf737d3-fd6a-42c7-9bb1-a505ce273b53">
    <Deployment runDeploymentRoot="Abel_DESKTOP-SVPKUF8_2025-07-09_21_13_12" />
  </TestSettings>
  <Results>
    <UnitTestResult executionId="a2239d7b-1ff4-4c9a-bbd1-4e6969a14455" testId="037fe1a1-62cd-3364-5616-4bc74fcd72d1" testName="User.API.UnitTests.UserControllerUnitTests.Get_ReturnRightUser_WithExpectedParameter" computerName="DESKTOP-SVPKUF8" duration="00:00:01.2401733" startTime="2025-07-09T21:13:12.6382286+08:00" endTime="2025-07-09T21:13:12.6382628+08:00" testType="13cdc9d9-ddb5-4fa4-a97d-d965ccfc6d4b" outcome="Passed" testListId="8c84fa94-04c1-424b-9868-57a2d4851a1d" relativeResultsDirectory="a2239d7b-1ff4-4c9a-bbd1-4e6969a14455" />
  </Results>
  <TestDefinitions>
    <UnitTest name="User.API.UnitTests.UserControllerUnitTests.Get_ReturnRightUser_WithExpectedParameter" storage="d:\code\1.microservice\2.netcore_microservice_userservice\tests\user.api.unittests\bin\debug\net9.0\user.api.unittests.dll" id="037fe1a1-62cd-3364-5616-4bc74fcd72d1">
      <Execution id="a2239d7b-1ff4-4c9a-bbd1-4e6969a14455" />
      <TestMethod codeBase="D:\Code\1.microservice\2.netcore_microservice_userService\Tests\User.API.UnitTests\bin\Debug\net9.0\User.API.UnitTests.dll" adapterTypeName="executor://xunit/VsTestRunner2/netcoreapp" className="User.API.UnitTests.UserControllerUnitTests" name="Get_ReturnRightUser_WithExpectedParameter" />
    </UnitTest>
  </TestDefinitions>
  <TestEntries>
    <TestEntry testId="037fe1a1-62cd-3364-5616-4bc74fcd72d1" executionId="a2239d7b-1ff4-4c9a-bbd1-4e6969a14455" testListId="8c84fa94-04c1-424b-9868-57a2d4851a1d" />
  </TestEntries>
  <TestLists>
    <TestList name="列表中未列出的结果" id="8c84fa94-04c1-424b-9868-57a2d4851a1d" />
    <TestList name="所有已加载的结果" id="19431567-8539-422a-85d7-44ee4e166bda" />
  </TestLists>
  <ResultSummary outcome="Completed">
    <Counters total="1" executed="1" passed="1" failed="0" error="0" timeout="0" aborted="0" inconclusive="0" passedButRunAborted="0" notRunnable="0" notExecuted="0" disconnected="0" warning="0" completed="0" inProgress="0" pending="0" />
    <Output>
      <StdOut>[xUnit.net 00:00:00.00] xUnit.net VSTest Adapter v2.8.2+699d445a1a (64-bit .NET 9.0.2)&#xD;
[xUnit.net 00:00:00.13]   Discovering: User.API.UnitTests&#xD;
[xUnit.net 00:00:00.18]   Discovered:  User.API.UnitTests&#xD;
[xUnit.net 00:00:00.18]   Starting:    User.API.UnitTests&#xD;
[xUnit.net 00:00:01.49]   Finished:    User.API.UnitTests&#xD;
</StdOut>
    </Output>
  </ResultSummary>
</TestRun>