<?xml version="1.0" encoding="utf-8"?>
<TestRun id="5da68a5d-cdf4-4597-993e-ceec8429b6b0" name="Abel@DESKTOP-SVPKUF8 2025-07-09 20:43:46" runUser="DESKTOP-SVPKUF8\Abel" xmlns="http://microsoft.com/schemas/VisualStudio/TeamTest/2010">
  <Times creation="2025-07-09T20:43:46.3586071+08:00" queuing="2025-07-09T20:43:46.3586076+08:00" start="2025-07-09T20:43:42.7610584+08:00" finish="2025-07-09T20:43:46.3717157+08:00" />
  <TestSettings name="default" id="9f9f2ba5-61de-49a3-b14b-c6e29023758e">
    <Deployment runDeploymentRoot="Abel_DESKTOP-SVPKUF8_2025-07-09_20_43_46" />
  </TestSettings>
  <Results>
    <UnitTestResult executionId="16069772-b275-40b7-adc9-d1384b8ef9e9" testId="037fe1a1-62cd-3364-5616-4bc74fcd72d1" testName="User.API.UnitTests.UserControllerUnitTests.Get_ReturnRightUser_WithExpectedParameter" computerName="DESKTOP-SVPKUF8" duration="00:00:01.5778285" startTime="2025-07-09T20:43:46.1955326+08:00" endTime="2025-07-09T20:43:46.1955700+08:00" testType="13cdc9d9-ddb5-4fa4-a97d-d965ccfc6d4b" outcome="Passed" testListId="8c84fa94-04c1-424b-9868-57a2d4851a1d" relativeResultsDirectory="16069772-b275-40b7-adc9-d1384b8ef9e9" />
  </Results>
  <TestDefinitions>
    <UnitTest name="User.API.UnitTests.UserControllerUnitTests.Get_ReturnRightUser_WithExpectedParameter" storage="d:\code\1.microservice\2.netcore_microservice_userservice\tests\user.api.unittests\bin\debug\net9.0\user.api.unittests.dll" id="037fe1a1-62cd-3364-5616-4bc74fcd72d1">
      <Execution id="16069772-b275-40b7-adc9-d1384b8ef9e9" />
      <TestMethod codeBase="D:\Code\1.microservice\2.netcore_microservice_userService\Tests\User.API.UnitTests\bin\Debug\net9.0\User.API.UnitTests.dll" adapterTypeName="executor://xunit/VsTestRunner2/netcoreapp" className="User.API.UnitTests.UserControllerUnitTests" name="Get_ReturnRightUser_WithExpectedParameter" />
    </UnitTest>
  </TestDefinitions>
  <TestEntries>
    <TestEntry testId="037fe1a1-62cd-3364-5616-4bc74fcd72d1" executionId="16069772-b275-40b7-adc9-d1384b8ef9e9" testListId="8c84fa94-04c1-424b-9868-57a2d4851a1d" />
  </TestEntries>
  <TestLists>
    <TestList name="列表中未列出的结果" id="8c84fa94-04c1-424b-9868-57a2d4851a1d" />
    <TestList name="所有已加载的结果" id="19431567-8539-422a-85d7-44ee4e166bda" />
  </TestLists>
  <ResultSummary outcome="Completed">
    <Counters total="1" executed="1" passed="1" failed="0" error="0" timeout="0" aborted="0" inconclusive="0" passedButRunAborted="0" notRunnable="0" notExecuted="0" disconnected="0" warning="0" completed="0" inProgress="0" pending="0" />
    <Output>
      <StdOut>[xUnit.net 00:00:00.00] xUnit.net VSTest Adapter v2.8.2+699d445a1a (64-bit .NET 9.0.2)&#xD;
[xUnit.net 00:00:00.27]   Discovering: User.API.UnitTests&#xD;
[xUnit.net 00:00:00.37]   Discovered:  User.API.UnitTests&#xD;
[xUnit.net 00:00:00.39]   Starting:    User.API.UnitTests&#xD;
[xUnit.net 00:00:02.10]   Finished:    User.API.UnitTests&#xD;
</StdOut>
    </Output>
  </ResultSummary>
</TestRun>